Using pre-set license
Built from '2020.3/staging' branch; Version is '2020.3.13f1 (71691879b7f5) revision 7432472'; Using compiler version '192528614'; Build Type 'Release'
OS: 'Windows 10 Pro; OS build 19045.3448; Version 2009; 64bit' Language: 'en' Physical Memory: 32693 MB
BatchMode: 1, IsHumanControllingUs: 0, StartBugReporterOnCrash: 0, Is64bit: 1, IsPro: 0

 COMMAND LINE ARGUMENTS:
C:\Program Files\Unity\Hub\Editor\2020.3.13f1\Editor\Unity.exe
-adb2
-batchMode
-noUpm
-name
AssetImportWorker0
-projectPath
C:/Users/Drew/cs423wates/lab05/shader
-logFile
Logs/AssetImportWorker0.log
-srvPort
52989
Successfully changed project path to: C:/Users/Drew/cs423wates/lab05/shader
C:/Users/Drew/cs423wates/lab05/shader
Using Asset Import Pipeline V2.
Refreshing native plugins compatible for Editor in 19.12 ms, found 2 plugins.
Preloading 0 native plugins for Editor in 0.00 ms.
Initialize engine version: 2020.3.13f1 (71691879b7f5)
[Subsystems] Discovering subsystems at path C:/Program Files/Unity/Hub/Editor/2020.3.13f1/Editor/Data/Resources/UnitySubsystems
[Subsystems] Discovering subsystems at path C:/Users/Drew/cs423wates/lab05/shader/Assets
GfxDevice: creating device client; threaded=0
Direct3D:
    Version:  Direct3D 11.0 [level 11.1]
    Renderer: NVIDIA GeForce RTX 3070 (ID=0x2484)
    Vendor:   
    VRAM:     8031 MB
    Driver:   31.0.15.3623
Initialize mono
Mono path[0] = 'C:/Program Files/Unity/Hub/Editor/2020.3.13f1/Editor/Data/Managed'
Mono path[1] = 'C:/Program Files/Unity/Hub/Editor/2020.3.13f1/Editor/Data/MonoBleedingEdge/lib/mono/unityjit'
Mono config path = 'C:/Program Files/Unity/Hub/Editor/2020.3.13f1/Editor/Data/MonoBleedingEdge/etc'
Using monoOptions --debugger-agent=transport=dt_socket,embedding=1,server=y,suspend=n,address=127.0.0.1:56968
Begin MonoManager ReloadAssembly
Registering precompiled unity dll's ...
Register platform support module: C:/Program Files/Unity/Hub/Editor/2020.3.13f1/Editor/Data/PlaybackEngines/WebGLSupport/UnityEditor.WebGL.Extensions.dll
Register platform support module: C:/Program Files/Unity/Hub/Editor/2020.3.13f1/Editor/Data/PlaybackEngines/WindowsStandaloneSupport/UnityEditor.WindowsStandalone.Extensions.dll
Registered in 0.001614 seconds.
Native extension for WindowsStandalone target not found
Native extension for WebGL target not found
Refreshing native plugins compatible for Editor in 18.45 ms, found 2 plugins.
Preloading 0 native plugins for Editor in 0.00 ms.
Mono: successfully reloaded assembly
- Completed reload, in  0.702 seconds
Platform modules already initialized, skipping
Registering precompiled user dll's ...
Registered in 0.002612 seconds.
Begin MonoManager ReloadAssembly
Native extension for WindowsStandalone target not found
Native extension for WebGL target not found
Refreshing native plugins compatible for Editor in 0.27 ms, found 2 plugins.
Preloading 0 native plugins for Editor in 0.00 ms.
Mono: successfully reloaded assembly
- Completed reload, in  0.611 seconds
Platform modules already initialized, skipping
========================================================================
Worker process is ready to serve import requests
Launched and connected shader compiler UnityShaderCompiler.exe after 0.03 seconds
Refreshing native plugins compatible for Editor in 0.27 ms, found 2 plugins.
Preloading 0 native plugins for Editor in 0.00 ms.
Unloading 1392 Unused Serialized files (Serialized files now loaded: 0)
System memory in use before: 64.9 MB.
System memory in use after: 64.9 MB.

Unloading 19 unused Assets to reduce memory usage. Loaded Objects now: 1825.
Total: 1.634100 ms (FindLiveObjects: 0.108100 ms CreateObjectMapping: 0.032900 ms MarkObjects: 1.420700 ms  DeleteObjects: 0.071600 ms)

AssetImportParameters requested are different than current active one (requested -> active):
  custom:framework-win-MediaFoundation: 216162199b28c13a410421893ffa2e32 -> 
  custom:video-decoder-ogg-theora: a1e56fd34408186e4bbccfd4996cb3dc -> 
  custom:container-muxer-webm: aa71ff27fc2769a1b78a27578f13a17b -> 
  custom:container-demuxer-webm: 4f35f7cbe854078d1ac9338744f61a02 -> 
  custom:container-demuxer-ogg: 62fdf1f143b41e24485cea50d1cbac27 -> 
  custom:video-encoder-webm-vp8: eb34c28f22e8b96e1ab97ce403110664 -> 
  custom:video-decoder-webm-vp8: 9c59270c3fd7afecdb556c50c9e8de78 -> 
  custom:audio-decoder-ogg-vorbis: bf7c407c2cedff20999df2af8eb42d56 -> 
  custom:audio-encoder-webm-vorbis: bf7c407c2cedff20999df2af8eb42d56 -> 
========================================================================
Received Import Request.
  path: Assets/Assets
  artifactKey: Guid(84c43a9289ff4914db0d35f8557037d8) Importer(815301076,1909f56bfc062723c751e8b465ee728b)
Start importing Assets/Assets using Guid(84c43a9289ff4914db0d35f8557037d8) Importer(815301076,1909f56bfc062723c751e8b465ee728b)  -> (artifact id: 'f9f1971000839692f604c60ff1617369') in 0.006431 seconds 
  Import took 0.007908 seconds .

========================================================================
Received Import Request.
  Time since last request: 0.000101 seconds.
  path: Assets/Assets/Models/Bowl.blend
  artifactKey: Guid(0d4aaf59f8ccafa408db9dd9a40d7fb5) Importer(815301076,1909f56bfc062723c751e8b465ee728b)
Start importing Assets/Assets/Models/Bowl.blend using Guid(0d4aaf59f8ccafa408db9dd9a40d7fb5) Importer(815301076,1909f56bfc062723c751e8b465ee728b)  -> (artifact id: '8ff47325ebb9be65b1ebb5feb3ed11ed') in 0.232553 seconds 
  Import took 0.234110 seconds .

========================================================================
Received Import Request.
  Time since last request: 0.000125 seconds.
  path: Assets/Assets/Models
  artifactKey: Guid(685604a87009abc41acb836dea754a29) Importer(815301076,1909f56bfc062723c751e8b465ee728b)
Start importing Assets/Assets/Models using Guid(685604a87009abc41acb836dea754a29) Importer(815301076,1909f56bfc062723c751e8b465ee728b)  -> (artifact id: '58d1b5299e2c217c08e438e24b1d8661') in 0.004143 seconds 
  Import took 0.005668 seconds .

========================================================================
Received Import Request.
  Time since last request: 138.436891 seconds.
  path: Assets/Assets/Shaders/Unlit_Tutorial_Shader.mat
  artifactKey: Guid(d11e8fbc6610aa145ae462ff3c30549f) Importer(815301076,1909f56bfc062723c751e8b465ee728b)
Start importing Assets/Assets/Shaders/Unlit_Tutorial_Shader.mat using Guid(d11e8fbc6610aa145ae462ff3c30549f) Importer(815301076,1909f56bfc062723c751e8b465ee728b)  -> (artifact id: 'd38ddb2b3d136f4d38d7c8f942325633') in 0.010246 seconds 
  Import took 0.012069 seconds .

========================================================================
Received Import Request.
  Time since last request: 6.578419 seconds.
  path: Assets/Assets/Shaders
  artifactKey: Guid(f49a7f6d4e5bee249ae56aea7c27c549) Importer(815301076,1909f56bfc062723c751e8b465ee728b)
Start importing Assets/Assets/Shaders using Guid(f49a7f6d4e5bee249ae56aea7c27c549) Importer(815301076,1909f56bfc062723c751e8b465ee728b)  -> (artifact id: '9079050e3d70ee4ffc1d3e1e2605a147') in 0.006055 seconds 
  Import took 0.007784 seconds .

========================================================================
Received Import Request.
  Time since last request: 199.838166 seconds.
  path: Assets/Assets/Shaders/NewUnlitShader.shader
  artifactKey: Guid(9dba51e29c8784f4c8a024b9775e9517) Importer(815301076,1909f56bfc062723c751e8b465ee728b)
Start importing Assets/Assets/Shaders/NewUnlitShader.shader using Guid(9dba51e29c8784f4c8a024b9775e9517) Importer(815301076,1909f56bfc062723c751e8b465ee728b)  -> (artifact id: '2f53beb8d9d3dc584a2e8499e066431a') in 0.006776 seconds 
  Import took 0.008706 seconds .

========================================================================
Received Import Request.
  Time since last request: 0.440555 seconds.
  path: Assets/Assets/Shaders/NewUnlitShader.shader
  artifactKey: Guid(9dba51e29c8784f4c8a024b9775e9517) Importer(815301076,1909f56bfc062723c751e8b465ee728b)
Start importing Assets/Assets/Shaders/NewUnlitShader.shader using Guid(9dba51e29c8784f4c8a024b9775e9517) Importer(815301076,1909f56bfc062723c751e8b465ee728b)  -> (artifact id: '2f53beb8d9d3dc584a2e8499e066431a') in 0.001998 seconds 
  Import took 0.003718 seconds .

========================================================================
Received Import Request.
  Time since last request: 32.884791 seconds.
  path: Assets/Assets/Shaders/Unlit_NewUnlitShader.mat
  artifactKey: Guid(a8078a6328517d3458bbc67b4ff316aa) Importer(815301076,1909f56bfc062723c751e8b465ee728b)
Start importing Assets/Assets/Shaders/Unlit_NewUnlitShader.mat using Guid(a8078a6328517d3458bbc67b4ff316aa) Importer(815301076,1909f56bfc062723c751e8b465ee728b)  -> (artifact id: '747fd1cef1977131192533e753fdb750') in 0.013175 seconds 
  Import took 0.014967 seconds .

========================================================================
Received Import Request.
  Time since last request: 22.433511 seconds.
  path: Assets/Assets/Shaders/Unlit_NewUnlitShader 1.mat
  artifactKey: Guid(75096e2aef0ee18488c0faf80ae85d1c) Importer(815301076,1909f56bfc062723c751e8b465ee728b)
Start importing Assets/Assets/Shaders/Unlit_NewUnlitShader 1.mat using Guid(75096e2aef0ee18488c0faf80ae85d1c) Importer(815301076,1909f56bfc062723c751e8b465ee728b)  -> (artifact id: '6148d4b5f69c846cdef61e5f2a233711') in 0.009392 seconds 
  Import took 0.011139 seconds .

========================================================================
Received Import Request.
  Time since last request: 180.938873 seconds.
  path: Assets/Assets/Shaders/NewUnlitShader.shader
  artifactKey: Guid(9dba51e29c8784f4c8a024b9775e9517) Importer(815301076,1909f56bfc062723c751e8b465ee728b)
Start importing Assets/Assets/Shaders/NewUnlitShader.shader using Guid(9dba51e29c8784f4c8a024b9775e9517) Importer(815301076,1909f56bfc062723c751e8b465ee728b)  -> (artifact id: 'b5457e2001a0c8e573ba5cce26229c64') in 0.002284 seconds 
  Import took 0.004015 seconds .

AssetImportWorkerClient::OnTransportError - code=2 error=End of file
